TN:
SF:src/App.tsx
FN:5,App
FNF:1
FNH:1
FNDA:2,App
DA:6,2
LF:1
LH:1
BRF:0
BRH:0
end_of_record
TN:
SF:src/components/index.ts
FNF:0
FNH:0
LF:0
LH:0
BRF:0
BRH:0
end_of_record
TN:
SF:src/components/FileTable/FileTable.tsx
FN:10,(anonymous_0)
FN:21,(anonymous_1)
FN:27,(anonymous_2)
FN:68,(anonymous_3)
FN:76,(anonymous_4)
FN:90,(anonymous_5)
FNF:6
FNH:6
FNDA:17,(anonymous_0)
FNDA:1,(anonymous_1)
FNDA:1,(anonymous_2)
FNDA:68,(anonymous_3)
FNDA:54,(anonymous_4)
FNDA:2,(anonymous_5)
DA:10,2
DA:19,17
DA:21,17
DA:22,1
DA:23,1
DA:24,1
DA:27,1
DA:33,17
DA:69,68
DA:77,54
DA:78,54
DA:80,54
DA:90,2
LF:13
LH:13
BRDA:23,0,0,0
BRDA:23,0,1,1
BRDA:45,1,0,3
BRDA:45,1,1,14
BRDA:52,2,0,14
BRDA:52,2,1,3
BRDA:83,3,0,4
BRDA:83,3,1,50
BRDA:83,4,0,25
BRDA:83,4,1,29
BRDA:99,5,0,29
BRDA:99,5,1,25
BRF:12
BRH:11
end_of_record
TN:
SF:src/components/FileTable/index.ts
FNF:0
FNH:0
LF:0
LH:0
BRF:0
BRH:0
end_of_record
TN:
SF:src/components/StatusIndicator/StatusIndicator.tsx
FN:3,(anonymous_0)
FNF:1
FNH:1
FNDA:57,(anonymous_0)
DA:3,3
DA:7,57
LF:2
LH:2
BRDA:9,0,0,57
BRDA:9,0,1,30
BRF:2
BRH:2
end_of_record
TN:
SF:src/components/StatusIndicator/index.ts
FNF:0
FNH:0
LF:0
LH:0
BRF:0
BRH:0
end_of_record
TN:
SF:src/config/fontawesome.ts
FNF:0
FNH:0
DA:30,0
LF:1
LH:0
BRF:0
BRH:0
end_of_record
TN:
SF:src/constants/index.ts
FNF:0
FNH:0
DA:1,2
DA:46,2
DA:48,2
LF:3
LH:3
BRF:0
BRH:0
end_of_record
TN:
SF:src/hooks/index.ts
FNF:0
FNH:0
LF:0
LH:0
BRF:0
BRH:0
end_of_record
TN:
SF:src/hooks/useFileSelection.ts
FN:4,(anonymous_0)
FN:9,(anonymous_1)
FN:12,(anonymous_2)
FN:16,(anonymous_3)
FN:23,(anonymous_4)
FN:27,(anonymous_5)
FN:32,(anonymous_6)
FN:33,(anonymous_7)
FN:44,(anonymous_8)
FN:48,(anonymous_9)
FN:49,(anonymous_10)
FNF:11
FNH:11
FNDA:37,(anonymous_0)
FNDA:109,(anonymous_1)
FNDA:41,(anonymous_2)
FNDA:37,(anonymous_3)
FNDA:5,(anonymous_4)
FNDA:6,(anonymous_5)
FNDA:8,(anonymous_6)
FNDA:8,(anonymous_7)
FNDA:1,(anonymous_8)
FNDA:2,(anonymous_9)
FNDA:6,(anonymous_10)
DA:4,3
DA:5,37
DA:6,37
DA:9,109
DA:11,37
DA:12,41
DA:13,37
DA:16,37
DA:17,37
DA:18,17
DA:23,37
DA:24,5
DA:25,1
DA:27,6
DA:28,4
DA:32,37
DA:33,8
DA:34,8
DA:35,8
DA:36,1
DA:38,7
DA:40,8
DA:44,37
DA:45,1
DA:48,37
DA:49,6
DA:52,37
LF:27
LH:27
BRDA:11,0,0,37
BRDA:11,0,1,32
BRDA:13,1,0,37
BRDA:13,1,1,9
BRDA:17,2,0,17
BRDA:17,2,1,20
BRDA:24,3,0,1
BRDA:24,3,1,4
BRDA:35,4,0,1
BRDA:35,4,1,7
BRF:10
BRH:10
end_of_record
TN:
SF:src/types/index.ts
FNF:0
FNH:0
LF:0
LH:0
BRF:0
BRH:0
end_of_record
TN:
SF:src/utils/index.ts
FN:1,(anonymous_0)
FNF:1
FNH:1
FNDA:65,(anonymous_0)
DA:1,3
DA:2,65
DA:3,64
LF:3
LH:3
BRDA:2,0,0,1
BRDA:2,0,1,64
BRF:2
BRH:2
end_of_record
